<?xml version="1.0" encoding="UTF-8"?>
<!-- Generated by org.testng.reporters.JUnitXMLReporter -->
<testsuite ignored="0" hostname="Acer-Master" failures="1" tests="4" name="chromeTest" time="4.147" errors="0" timestamp="2025-08-03T21:06:42 IST">
  <testcase classname="tests.TestCase" name="checkPageElementsPresence" time="0.159"/>
  <testcase classname="tests.TestCase" name="testLoginButtonDisabledWhenFieldAreEmpty" time="0.031">
    <failure type="java.lang.AssertionError" message="Login button is not disabled while cred fields are empty expected [false] but found [true]">
      <![CDATA[java.lang.AssertionError: Login button is not disabled while cred fields are empty expected [false] but found [true]
at tests.TestCase.testLoginButtonDisabledWhenFieldAreEmpty(TestCase.java:14)
at java.base/java.util.ArrayList.forEach(ArrayList.java:1596)
... Removed 28 stack frames]]>
    </failure>
  </testcase> <!-- testLoginButtonDisabledWhenFieldAreEmpty -->
  <testcase classname="tests.TestCase" name="testInvalidLoginShowErrorMsg" time="0.86"/>
  <testcase classname="tests.TestCase" name="testPasswordMaskedbutton" time="0.22"/>
</testsuite> <!-- chromeTest -->
