<?xml version="1.0" encoding="UTF-8"?>
<!-- Generated by org.testng.reporters.JUnitXMLReporter -->
<testsuite ignored="0" hostname="Acer-Master" failures="1" tests="4" name="edgeTest" time="4.175" errors="0" timestamp="2025-08-03T21:06:47 IST">
  <testcase classname="tests.TestCase" name="checkPageElementsPresence" time="0.125"/>
  <testcase classname="tests.TestCase" name="testLoginButtonDisabledWhenFieldAreEmpty" time="0.024">
    <failure type="java.lang.AssertionError" message="Login button is not disabled while cred fields are empty expected [false] but found [true]">
      <![CDATA[java.lang.AssertionError: Login button is not disabled while cred fields are empty expected [false] but found [true]
at tests.TestCase.testLoginButtonDisabledWhenFieldAreEmpty(TestCase.java:14)
at java.base/java.util.ArrayList.forEach(ArrayList.java:1596)
... Removed 28 stack frames]]>
    </failure>
  </testcase> <!-- testLoginButtonDisabledWhenFieldAreEmpty -->
  <testcase classname="tests.TestCase" name="testInvalidLoginShowErrorMsg" time="0.801"/>
  <testcase classname="tests.TestCase" name="testPasswordMaskedbutton" time="0.241"/>
</testsuite> <!-- edgeTest -->
