<?xml version="1.0" encoding="UTF-8"?>
<!-- Generated by org.testng.reporters.JUnitXMLReporter -->
<testsuite ignored="0" hostname="Acer-Master" failures="2" tests="4" name="firefoxTest" time="7.182" errors="0" timestamp="2025-08-03T21:06:38 IST">
  <testcase classname="tests.TestCase" name="checkPageElementsPresence" time="0.141"/>
  <testcase classname="tests.TestCase" name="testLoginButtonDisabledWhenFieldAreEmpty" time="0.02">
    <failure type="java.lang.AssertionError" message="Login button is not disabled while cred fields are empty expected [false] but found [true]">
      <![CDATA[java.lang.AssertionError: Login button is not disabled while cred fields are empty expected [false] but found [true]
at tests.TestCase.testLoginButtonDisabledWhenFieldAreEmpty(TestCase.java:14)
at java.base/java.util.ArrayList.forEach(ArrayList.java:1596)
... Removed 28 stack frames]]>
    </failure>
  </testcase> <!-- testLoginButtonDisabledWhenFieldAreEmpty -->
  <testcase classname="tests.TestCase" name="testInvalidLoginShowErrorMsg" time="0.376"/>
  <testcase classname="tests.TestCase" name="testPasswordMaskedbutton" time="0.041">
    <failure type="org.openqa.selenium.ElementClickInterceptedException" message="Element &amp;lt;img class=&amp;quot;passowrd-visible&amp;quot; src=&amp;quot;/Hide.svg&amp;quot;&amp;gt; is not clickable at point (1170,449) because another element &amp;lt;img class=&amp;quot;inactive-gif&amp;quot; src=&amp;quot;frame3.svg&amp;quot;&amp;gt; obscures it
Build info: version: &amp;apos;4.33.0&amp;apos;, revision: &amp;apos;2c6aaad03a&amp;apos;
System info: os.name: &amp;apos;Windows 11&amp;apos;, os.arch: &amp;apos;amd64&amp;apos;, os.version: &amp;apos;10.0&amp;apos;, java.version: &amp;apos;21.0.1&amp;apos;
Driver info: org.openqa.selenium.firefox.FirefoxDriver
Command: [4a39f3cd-08fa-43cb-b412-d5078ce725a5, clickElement {id=c1c4e8a8-6d38-40b9-af5f-4c9d0329eb42}]
Capabilities {acceptInsecureCerts: true, browserName: firefox, browserVersion: 141.0, moz:accessibilityChecks: false, moz:buildID: 20250717180000, moz:geckodriverVersion: 0.36.0, moz:headless: false, moz:platformVersion: 10.0, moz:processID: 23264, moz:profile: C:\Users\ARUN\AppData\Local..., moz:shutdownTimeout: 60000, moz:webdriverClick: true, moz:windowless: false, pageLoadStrategy: normal, platformName: windows, proxy: Proxy(), setWindowRect: true, strictFileInteractability: false, timeouts: {implicit: 0, pageLoad: 300000, script: 30000}, unhandledPromptBehavior: dismiss and notify, userAgent: Mozilla/5.0 (Windows NT 10....}
Element: [[FirefoxDriver: firefox on windows (4a39f3cd-08fa-43cb-b412-d5078ce725a5)] -&amp;gt; xpath: //img[@class=&amp;apos;passowrd-visible&amp;apos;]]
Session ID: 4a39f3cd-08fa-43cb-b412-d5078ce725a5">
      <![CDATA[org.openqa.selenium.ElementClickInterceptedException: Element <img class="passowrd-visible" src="/Hide.svg"> is not clickable at point (1170,449) because another element <img class="inactive-gif" src="frame3.svg"> obscures it
Build info: version: '4.33.0', revision: '2c6aaad03a'
System info: os.name: 'Windows 11', os.arch: 'amd64', os.version: '10.0', java.version: '21.0.1'
Driver info: org.openqa.selenium.firefox.FirefoxDriver
Command: [4a39f3cd-08fa-43cb-b412-d5078ce725a5, clickElement {id=c1c4e8a8-6d38-40b9-af5f-4c9d0329eb42}]
Capabilities {acceptInsecureCerts: true, browserName: firefox, browserVersion: 141.0, moz:accessibilityChecks: false, moz:buildID: 20250717180000, moz:geckodriverVersion: 0.36.0, moz:headless: false, moz:platformVersion: 10.0, moz:processID: 23264, moz:profile: C:\Users\ARUN\AppData\Local..., moz:shutdownTimeout: 60000, moz:webdriverClick: true, moz:windowless: false, pageLoadStrategy: normal, platformName: windows, proxy: Proxy(), setWindowRect: true, strictFileInteractability: false, timeouts: {implicit: 0, pageLoad: 300000, script: 30000}, unhandledPromptBehavior: dismiss and notify, userAgent: Mozilla/5.0 (Windows NT 10....}
Element: [[FirefoxDriver: firefox on windows (4a39f3cd-08fa-43cb-b412-d5078ce725a5)] -> xpath: //img[@class='passowrd-visible']]
Session ID: 4a39f3cd-08fa-43cb-b412-d5078ce725a5
at org.openqa.selenium.remote.ErrorCodec.decode(ErrorCodec.java:167)
at org.openqa.selenium.remote.codec.w3c.W3CHttpResponseCodec.decode(W3CHttpResponseCodec.java:138)
at org.openqa.selenium.remote.codec.w3c.W3CHttpResponseCodec.decode(W3CHttpResponseCodec.java:50)
at org.openqa.selenium.remote.HttpCommandExecutor.execute(HttpCommandExecutor.java:215)
at org.openqa.selenium.remote.service.DriverCommandExecutor.invokeExecute(DriverCommandExecutor.java:216)
at org.openqa.selenium.remote.service.DriverCommandExecutor.execute(DriverCommandExecutor.java:174)
at org.openqa.selenium.remote.RemoteWebDriver.execute(RemoteWebDriver.java:544)
at org.openqa.selenium.remote.RemoteWebElement.execute(RemoteWebElement.java:223)
at org.openqa.selenium.remote.RemoteWebElement.click(RemoteWebElement.java:76)
at org.openqa.selenium.support.pagefactory.internal.LocatingElementHandler.invoke(LocatingElementHandler.java:51)
at jdk.proxy2/jdk.proxy2.$Proxy13.click(Unknown Source)
at tests.TestCase.testPasswordMaskedbutton(TestCase.java:32)
at java.base/java.util.ArrayList.forEach(ArrayList.java:1596)
... Removed 30 stack frames]]>
    </failure>
  </testcase> <!-- testPasswordMaskedbutton -->
</testsuite> <!-- firefoxTest -->
